{"/app/applet/LOCAL.NAREL/plantilla1/src/config/env.js": {"path":"/app/applet/LOCAL.NAREL/plantilla1/src/config/env.js","statementMap":{"0":{"start":{"line":1,"column":13},"end":{"line":1,"column":28}},"1":{"start":{"line":2,"column":15},"end":{"line":2,"column":32}},"2":{"start":{"line":4,"column":0},"end":{"line":4,"column":66}},"3":{"start":{"line":6,"column":12},"end":{"line":58,"column":1}},"4":{"start":{"line":60,"column":0},"end":{"line":60,"column":21}}},"fnMap":{},"branchMap":{"0":{"loc":{"start":{"line":7,"column":12},"end":{"line":7,"column":49}},"type":"binary-expr","locations":[{"start":{"line":7,"column":12},"end":{"line":7,"column":32}},{"start":{"line":7,"column":36},"end":{"line":7,"column":49}}],"line":7},"1":{"loc":{"start":{"line":8,"column":10},"end":{"line":8,"column":70}},"type":"binary-expr","locations":[{"start":{"line":8,"column":10},"end":{"line":8,"column":62}},{"start":{"line":8,"column":66},"end":{"line":8,"column":70}}],"line":8},"2":{"loc":{"start":{"line":8,"column":19},"end":{"line":8,"column":57}},"type":"binary-expr","locations":[{"start":{"line":8,"column":19},"end":{"line":8,"column":35}},{"start":{"line":8,"column":39},"end":{"line":8,"column":57}}],"line":8},"3":{"loc":{"start":{"line":9,"column":11},"end":{"line":9,"column":84}},"type":"binary-expr","locations":[{"start":{"line":9,"column":11},"end":{"line":9,"column":30}},{"start":{"line":9,"column":34},"end":{"line":9,"column":84}}],"line":9},"4":{"loc":{"start":{"line":10,"column":14},"end":{"line":10,"column":115}},"type":"binary-expr","locations":[{"start":{"line":10,"column":14},"end":{"line":10,"column":36}},{"start":{"line":10,"column":41},"end":{"line":10,"column":114}}],"line":10},"5":{"loc":{"start":{"line":10,"column":41},"end":{"line":10,"column":114}},"type":"cond-expr","locations":[{"start":{"line":10,"column":81},"end":{"line":10,"column":83}},{"start":{"line":10,"column":86},"end":{"line":10,"column":114}}],"line":10},"6":{"loc":{"start":{"line":11,"column":18},"end":{"line":11,"column":52}},"type":"binary-expr","locations":[{"start":{"line":11,"column":18},"end":{"line":11,"column":44}},{"start":{"line":11,"column":48},"end":{"line":11,"column":52}}],"line":11},"7":{"loc":{"start":{"line":12,"column":23},"end":{"line":12,"column":60}},"type":"binary-expr","locations":[{"start":{"line":12,"column":23},"end":{"line":12,"column":54}},{"start":{"line":12,"column":58},"end":{"line":12,"column":60}}],"line":12},"8":{"loc":{"start":{"line":13,"column":26},"end":{"line":13,"column":66}},"type":"binary-expr","locations":[{"start":{"line":13,"column":26},"end":{"line":13,"column":60}},{"start":{"line":13,"column":64},"end":{"line":13,"column":66}}],"line":13},"9":{"loc":{"start":{"line":14,"column":18},"end":{"line":14,"column":50}},"type":"binary-expr","locations":[{"start":{"line":14,"column":18},"end":{"line":14,"column":44}},{"start":{"line":14,"column":48},"end":{"line":14,"column":50}}],"line":14},"10":{"loc":{"start":{"line":15,"column":16},"end":{"line":15,"column":57}},"type":"binary-expr","locations":[{"start":{"line":15,"column":16},"end":{"line":15,"column":40}},{"start":{"line":15,"column":44},"end":{"line":15,"column":57}}],"line":15},"11":{"loc":{"start":{"line":16,"column":17},"end":{"line":16,"column":63}},"type":"binary-expr","locations":[{"start":{"line":16,"column":17},"end":{"line":16,"column":56}},{"start":{"line":16,"column":60},"end":{"line":16,"column":63}}],"line":16},"12":{"loc":{"start":{"line":17,"column":28},"end":{"line":17,"column":84}},"type":"binary-expr","locations":[{"start":{"line":17,"column":28},"end":{"line":17,"column":78}},{"start":{"line":17,"column":82},"end":{"line":17,"column":84}}],"line":17},"13":{"loc":{"start":{"line":18,"column":20},"end":{"line":18,"column":75}},"type":"binary-expr","locations":[{"start":{"line":18,"column":20},"end":{"line":18,"column":48}},{"start":{"line":18,"column":52},"end":{"line":18,"column":75}}],"line":18},"14":{"loc":{"start":{"line":25,"column":17},"end":{"line":25,"column":57}},"type":"binary-expr","locations":[{"start":{"line":25,"column":17},"end":{"line":25,"column":42}},{"start":{"line":25,"column":46},"end":{"line":25,"column":57}}],"line":25},"15":{"loc":{"start":{"line":26,"column":17},"end":{"line":26,"column":64}},"type":"binary-expr","locations":[{"start":{"line":26,"column":17},"end":{"line":26,"column":56}},{"start":{"line":26,"column":60},"end":{"line":26,"column":64}}],"line":26},"16":{"loc":{"start":{"line":27,"column":17},"end":{"line":27,"column":53}},"type":"binary-expr","locations":[{"start":{"line":27,"column":17},"end":{"line":27,"column":42}},{"start":{"line":27,"column":46},"end":{"line":27,"column":53}}],"line":27},"17":{"loc":{"start":{"line":28,"column":21},"end":{"line":28,"column":56}},"type":"binary-expr","locations":[{"start":{"line":28,"column":21},"end":{"line":28,"column":50}},{"start":{"line":28,"column":54},"end":{"line":28,"column":56}}],"line":28},"18":{"loc":{"start":{"line":29,"column":15},"end":{"line":29,"column":55}},"type":"binary-expr","locations":[{"start":{"line":29,"column":15},"end":{"line":29,"column":38}},{"start":{"line":29,"column":42},"end":{"line":29,"column":55}}],"line":29},"19":{"loc":{"start":{"line":30,"column":23},"end":{"line":30,"column":58}},"type":"binary-expr","locations":[{"start":{"line":30,"column":23},"end":{"line":30,"column":47}},{"start":{"line":30,"column":51},"end":{"line":30,"column":58}}],"line":30},"20":{"loc":{"start":{"line":31,"column":16},"end":{"line":31,"column":46}},"type":"binary-expr","locations":[{"start":{"line":31,"column":16},"end":{"line":31,"column":40}},{"start":{"line":31,"column":44},"end":{"line":31,"column":46}}],"line":31},"21":{"loc":{"start":{"line":32,"column":31},"end":{"line":32,"column":89}},"type":"binary-expr","locations":[{"start":{"line":32,"column":31},"end":{"line":32,"column":84}},{"start":{"line":32,"column":88},"end":{"line":32,"column":89}}],"line":32},"22":{"loc":{"start":{"line":33,"column":22},"end":{"line":33,"column":99}},"type":"binary-expr","locations":[{"start":{"line":33,"column":22},"end":{"line":33,"column":52}},{"start":{"line":33,"column":56},"end":{"line":33,"column":99}}],"line":33},"23":{"loc":{"start":{"line":34,"column":13},"end":{"line":34,"column":40}},"type":"binary-expr","locations":[{"start":{"line":34,"column":13},"end":{"line":34,"column":34}},{"start":{"line":34,"column":38},"end":{"line":34,"column":40}}],"line":34},"24":{"loc":{"start":{"line":35,"column":13},"end":{"line":35,"column":55}},"type":"binary-expr","locations":[{"start":{"line":35,"column":13},"end":{"line":35,"column":48}},{"start":{"line":35,"column":52},"end":{"line":35,"column":55}}],"line":35},"25":{"loc":{"start":{"line":36,"column":13},"end":{"line":36,"column":40}},"type":"binary-expr","locations":[{"start":{"line":36,"column":13},"end":{"line":36,"column":34}},{"start":{"line":36,"column":38},"end":{"line":36,"column":40}}],"line":36},"26":{"loc":{"start":{"line":37,"column":17},"end":{"line":37,"column":48}},"type":"binary-expr","locations":[{"start":{"line":37,"column":17},"end":{"line":37,"column":42}},{"start":{"line":37,"column":46},"end":{"line":37,"column":48}}],"line":37},"27":{"loc":{"start":{"line":38,"column":13},"end":{"line":38,"column":40}},"type":"binary-expr","locations":[{"start":{"line":38,"column":13},"end":{"line":38,"column":34}},{"start":{"line":38,"column":38},"end":{"line":38,"column":40}}],"line":38},"28":{"loc":{"start":{"line":39,"column":15},"end":{"line":39,"column":85}},"type":"binary-expr","locations":[{"start":{"line":39,"column":15},"end":{"line":39,"column":38}},{"start":{"line":39,"column":42},"end":{"line":39,"column":85}}],"line":39},"29":{"loc":{"start":{"line":40,"column":23},"end":{"line":40,"column":68}},"type":"binary-expr","locations":[{"start":{"line":40,"column":23},"end":{"line":40,"column":54}},{"start":{"line":40,"column":58},"end":{"line":40,"column":68}}],"line":40},"30":{"loc":{"start":{"line":43,"column":20},"end":{"line":43,"column":60}},"type":"binary-expr","locations":[{"start":{"line":43,"column":20},"end":{"line":43,"column":48}},{"start":{"line":43,"column":52},"end":{"line":43,"column":60}}],"line":43},"31":{"loc":{"start":{"line":44,"column":27},"end":{"line":44,"column":68}},"type":"binary-expr","locations":[{"start":{"line":44,"column":27},"end":{"line":44,"column":62}},{"start":{"line":44,"column":66},"end":{"line":44,"column":68}}],"line":44},"32":{"loc":{"start":{"line":45,"column":29},"end":{"line":45,"column":72}},"type":"binary-expr","locations":[{"start":{"line":45,"column":29},"end":{"line":45,"column":66}},{"start":{"line":45,"column":70},"end":{"line":45,"column":72}}],"line":45},"33":{"loc":{"start":{"line":46,"column":31},"end":{"line":46,"column":76}},"type":"binary-expr","locations":[{"start":{"line":46,"column":31},"end":{"line":46,"column":70}},{"start":{"line":46,"column":74},"end":{"line":46,"column":76}}],"line":46},"34":{"loc":{"start":{"line":47,"column":23},"end":{"line":47,"column":65}},"type":"binary-expr","locations":[{"start":{"line":47,"column":23},"end":{"line":47,"column":54}},{"start":{"line":47,"column":58},"end":{"line":47,"column":65}}],"line":47},"35":{"loc":{"start":{"line":48,"column":37},"end":{"line":48,"column":99}},"type":"binary-expr","locations":[{"start":{"line":48,"column":37},"end":{"line":48,"column":82}},{"start":{"line":48,"column":86},"end":{"line":48,"column":99}}],"line":48},"36":{"loc":{"start":{"line":49,"column":21},"end":{"line":49,"column":56}},"type":"binary-expr","locations":[{"start":{"line":49,"column":21},"end":{"line":49,"column":50}},{"start":{"line":49,"column":54},"end":{"line":49,"column":56}}],"line":49},"37":{"loc":{"start":{"line":50,"column":23},"end":{"line":50,"column":60}},"type":"binary-expr","locations":[{"start":{"line":50,"column":23},"end":{"line":50,"column":54}},{"start":{"line":50,"column":58},"end":{"line":50,"column":60}}],"line":50},"38":{"loc":{"start":{"line":51,"column":27},"end":{"line":51,"column":68}},"type":"binary-expr","locations":[{"start":{"line":51,"column":27},"end":{"line":51,"column":62}},{"start":{"line":51,"column":66},"end":{"line":51,"column":68}}],"line":51},"39":{"loc":{"start":{"line":52,"column":28},"end":{"line":52,"column":70}},"type":"binary-expr","locations":[{"start":{"line":52,"column":28},"end":{"line":52,"column":64}},{"start":{"line":52,"column":68},"end":{"line":52,"column":70}}],"line":52},"40":{"loc":{"start":{"line":53,"column":25},"end":{"line":53,"column":64}},"type":"binary-expr","locations":[{"start":{"line":53,"column":25},"end":{"line":53,"column":58}},{"start":{"line":53,"column":62},"end":{"line":53,"column":64}}],"line":53},"41":{"loc":{"start":{"line":54,"column":23},"end":{"line":54,"column":60}},"type":"binary-expr","locations":[{"start":{"line":54,"column":23},"end":{"line":54,"column":54}},{"start":{"line":54,"column":58},"end":{"line":54,"column":60}}],"line":54},"42":{"loc":{"start":{"line":55,"column":21},"end":{"line":55,"column":56}},"type":"binary-expr","locations":[{"start":{"line":55,"column":21},"end":{"line":55,"column":50}},{"start":{"line":55,"column":54},"end":{"line":55,"column":56}}],"line":55},"43":{"loc":{"start":{"line":56,"column":24},"end":{"line":56,"column":77}},"type":"binary-expr","locations":[{"start":{"line":56,"column":24},"end":{"line":56,"column":56}},{"start":{"line":56,"column":60},"end":{"line":56,"column":77}}],"line":56},"44":{"loc":{"start":{"line":57,"column":23},"end":{"line":57,"column":100}},"type":"binary-expr","locations":[{"start":{"line":57,"column":23},"end":{"line":57,"column":54}},{"start":{"line":57,"column":58},"end":{"line":57,"column":100}}],"line":57}},"s":{"0":1,"1":1,"2":1,"3":1,"4":1},"f":{},"b":{"0":[1,0],"1":[1,0],"2":[1,0],"3":[1,1],"4":[1,1],"5":[0,1],"6":[1,1],"7":[1,1],"8":[1,1],"9":[1,1],"10":[1,1],"11":[1,1],"12":[1,1],"13":[1,1],"14":[1,1],"15":[1,1],"16":[1,1],"17":[1,1],"18":[1,1],"19":[1,1],"20":[1,1],"21":[1,1],"22":[1,1],"23":[1,1],"24":[1,1],"25":[1,1],"26":[1,1],"27":[1,1],"28":[1,1],"29":[1,1],"30":[1,1],"31":[1,1],"32":[1,1],"33":[1,0],"34":[1,1],"35":[1,1],"36":[1,1],"37":[1,1],"38":[1,1],"39":[1,1],"40":[1,1],"41":[1,1],"42":[1,1],"43":[1,1],"44":[1,1]},"_coverageSchema":"1a1c01bbd47fc00a2c39e90264f33305004495a9","hash":"e18bf900020758dc39380359de133e3268bcd84d"}
,"/app/applet/LOCAL.NAREL/plantilla1/src/services/mercadopago.service.js": {"path":"/app/applet/LOCAL.NAREL/plantilla1/src/services/mercadopago.service.js","statementMap":{"0":{"start":{"line":3,"column":15},"end":{"line":3,"column":32}},"1":{"start":{"line":4,"column":51},"end":{"line":4,"column":73}},"2":{"start":{"line":5,"column":12},"end":{"line":5,"column":36}},"3":{"start":{"line":7,"column":20},"end":{"line":7,"column":24}},"4":{"start":{"line":8,"column":23},"end":{"line":8,"column":27}},"5":{"start":{"line":11,"column":2},"end":{"line":13,"column":4}},"6":{"start":{"line":17,"column":2},"end":{"line":19,"column":46}},"7":{"start":{"line":23,"column":2},"end":{"line":27,"column":3}},"8":{"start":{"line":24,"column":18},"end":{"line":24,"column":63}},"9":{"start":{"line":25,"column":4},"end":{"line":25,"column":47}},"10":{"start":{"line":26,"column":4},"end":{"line":26,"column":16}},"11":{"start":{"line":29,"column":2},"end":{"line":38,"column":3}},"12":{"start":{"line":30,"column":19},"end":{"line":35,"column":6}},"13":{"start":{"line":37,"column":4},"end":{"line":37,"column":40}},"14":{"start":{"line":40,"column":2},"end":{"line":40,"column":23}},"15":{"start":{"line":44,"column":2},"end":{"line":48,"column":3}},"16":{"start":{"line":45,"column":18},"end":{"line":45,"column":63}},"17":{"start":{"line":46,"column":4},"end":{"line":46,"column":47}},"18":{"start":{"line":47,"column":4},"end":{"line":47,"column":16}},"19":{"start":{"line":50,"column":2},"end":{"line":59,"column":3}},"20":{"start":{"line":51,"column":19},"end":{"line":56,"column":6}},"21":{"start":{"line":58,"column":4},"end":{"line":58,"column":46}},"22":{"start":{"line":61,"column":2},"end":{"line":61,"column":26}},"23":{"start":{"line":72,"column":17},"end":{"line":72,"column":38}},"24":{"start":{"line":74,"column":20},"end":{"line":90,"column":7}},"25":{"start":{"line":75,"column":32},"end":{"line":81,"column":7}},"26":{"start":{"line":92,"column":15},"end":{"line":110,"column":3}},"27":{"start":{"line":112,"column":2},"end":{"line":122,"column":3}},"28":{"start":{"line":113,"column":4},"end":{"line":113,"column":41}},"29":{"start":{"line":115,"column":4},"end":{"line":120,"column":7}},"30":{"start":{"line":121,"column":4},"end":{"line":121,"column":16}},"31":{"start":{"line":137,"column":2},"end":{"line":141,"column":3}},"32":{"start":{"line":138,"column":18},"end":{"line":138,"column":58}},"33":{"start":{"line":139,"column":4},"end":{"line":139,"column":23}},"34":{"start":{"line":140,"column":4},"end":{"line":140,"column":16}},"35":{"start":{"line":143,"column":15},"end":{"line":151,"column":3}},"36":{"start":{"line":153,"column":2},"end":{"line":163,"column":3}},"37":{"start":{"line":154,"column":4},"end":{"line":154,"column":31}},"38":{"start":{"line":155,"column":4},"end":{"line":155,"column":50}},"39":{"start":{"line":156,"column":4},"end":{"line":162,"column":5}},"40":{"start":{"line":161,"column":6},"end":{"line":161,"column":40}},"41":{"start":{"line":165,"column":2},"end":{"line":174,"column":3}},"42":{"start":{"line":170,"column":4},"end":{"line":173,"column":6}},"43":{"start":{"line":176,"column":2},"end":{"line":192,"column":3}},"44":{"start":{"line":177,"column":4},"end":{"line":182,"column":7}},"45":{"start":{"line":184,"column":4},"end":{"line":189,"column":7}},"46":{"start":{"line":191,"column":4},"end":{"line":191,"column":16}},"47":{"start":{"line":196,"column":2},"end":{"line":196,"column":32}},"48":{"start":{"line":200,"column":2},"end":{"line":213,"column":3}},"49":{"start":{"line":201,"column":4},"end":{"line":203,"column":7}},"50":{"start":{"line":205,"column":4},"end":{"line":210,"column":7}},"51":{"start":{"line":212,"column":4},"end":{"line":212,"column":16}},"52":{"start":{"line":221,"column":17},"end":{"line":221,"column":62}},"53":{"start":{"line":223,"column":2},"end":{"line":225,"column":3}},"54":{"start":{"line":224,"column":4},"end":{"line":224,"column":17}},"55":{"start":{"line":227,"column":16},"end":{"line":237,"column":10}},"56":{"start":{"line":230,"column":27},"end":{"line":230,"column":49}},"57":{"start":{"line":232,"column":6},"end":{"line":234,"column":7}},"58":{"start":{"line":233,"column":8},"end":{"line":233,"column":28}},"59":{"start":{"line":236,"column":6},"end":{"line":236,"column":20}},"60":{"start":{"line":239,"column":2},"end":{"line":241,"column":3}},"61":{"start":{"line":240,"column":4},"end":{"line":240,"column":17}},"62":{"start":{"line":243,"column":19},"end":{"line":243,"column":73}},"63":{"start":{"line":245,"column":19},"end":{"line":248,"column":18}},"64":{"start":{"line":250,"column":19},"end":{"line":250,"column":49}},"65":{"start":{"line":252,"column":2},"end":{"line":254,"column":3}},"66":{"start":{"line":253,"column":4},"end":{"line":253,"column":17}},"67":{"start":{"line":256,"column":2},"end":{"line":259,"column":4}},"68":{"start":{"line":262,"column":0},"end":{"line":269,"column":2}}},"fnMap":{"0":{"name":"isMercadoPagoProvider","decl":{"start":{"line":10,"column":9},"end":{"line":10,"column":30}},"loc":{"start":{"line":10,"column":33},"end":{"line":14,"column":1}},"line":10},"1":{"name":"isConfigured","decl":{"start":{"line":16,"column":9},"end":{"line":16,"column":21}},"loc":{"start":{"line":16,"column":24},"end":{"line":20,"column":1}},"line":16},"2":{"name":"getPaymentClient","decl":{"start":{"line":22,"column":9},"end":{"line":22,"column":25}},"loc":{"start":{"line":22,"column":28},"end":{"line":41,"column":1}},"line":22},"3":{"name":"getPreferenceClient","decl":{"start":{"line":43,"column":9},"end":{"line":43,"column":28}},"loc":{"start":{"line":43,"column":31},"end":{"line":62,"column":1}},"line":43},"4":{"name":"createPreference","decl":{"start":{"line":64,"column":15},"end":{"line":64,"column":31}},"loc":{"start":{"line":71,"column":3},"end":{"line":123,"column":1}},"line":71},"5":{"name":"(anonymous_5)","decl":{"start":{"line":75,"column":16},"end":{"line":75,"column":17}},"loc":{"start":{"line":75,"column":32},"end":{"line":81,"column":7}},"line":75},"6":{"name":"processPayment","decl":{"start":{"line":125,"column":15},"end":{"line":125,"column":29}},"loc":{"start":{"line":135,"column":3},"end":{"line":193,"column":1}},"line":135},"7":{"name":"createCardPayment","decl":{"start":{"line":195,"column":15},"end":{"line":195,"column":32}},"loc":{"start":{"line":195,"column":41},"end":{"line":197,"column":1}},"line":195},"8":{"name":"getPayment","decl":{"start":{"line":199,"column":15},"end":{"line":199,"column":25}},"loc":{"start":{"line":199,"column":37},"end":{"line":214,"column":1}},"line":199},"9":{"name":"verifyWebhookSignature","decl":{"start":{"line":216,"column":9},"end":{"line":216,"column":31}},"loc":{"start":{"line":220,"column":3},"end":{"line":260,"column":1}},"line":220},"10":{"name":"(anonymous_10)","decl":{"start":{"line":229,"column":12},"end":{"line":229,"column":13}},"loc":{"start":{"line":229,"column":30},"end":{"line":237,"column":5}},"line":229}},"branchMap":{"0":{"loc":{"start":{"line":12,"column":11},"end":{"line":12,"column":37}},"type":"binary-expr","locations":[{"start":{"line":12,"column":11},"end":{"line":12,"column":31}},{"start":{"line":12,"column":35},"end":{"line":12,"column":37}}],"line":12},"1":{"loc":{"start":{"line":17,"column":9},"end":{"line":19,"column":45}},"type":"binary-expr","locations":[{"start":{"line":17,"column":9},"end":{"line":17,"column":32}},{"start":{"line":18,"column":7},"end":{"line":18,"column":43}},{"start":{"line":19,"column":7},"end":{"line":19,"column":45}}],"line":17},"2":{"loc":{"start":{"line":23,"column":2},"end":{"line":27,"column":3}},"type":"if","locations":[{"start":{"line":23,"column":2},"end":{"line":27,"column":3}},{"start":{},"end":{}}],"line":23},"3":{"loc":{"start":{"line":29,"column":2},"end":{"line":38,"column":3}},"type":"if","locations":[{"start":{"line":29,"column":2},"end":{"line":38,"column":3}},{"start":{},"end":{}}],"line":29},"4":{"loc":{"start":{"line":44,"column":2},"end":{"line":48,"column":3}},"type":"if","locations":[{"start":{"line":44,"column":2},"end":{"line":48,"column":3}},{"start":{},"end":{}}],"line":44},"5":{"loc":{"start":{"line":50,"column":2},"end":{"line":59,"column":3}},"type":"if","locations":[{"start":{"line":50,"column":2},"end":{"line":59,"column":3}},{"start":{},"end":{}}],"line":50},"6":{"loc":{"start":{"line":74,"column":20},"end":{"line":90,"column":7}},"type":"cond-expr","locations":[{"start":{"line":75,"column":6},"end":{"line":81,"column":9}},{"start":{"line":82,"column":6},"end":{"line":90,"column":7}}],"line":74},"7":{"loc":{"start":{"line":74,"column":21},"end":{"line":74,"column":46}},"type":"binary-expr","locations":[{"start":{"line":74,"column":21},"end":{"line":74,"column":26}},{"start":{"line":74,"column":30},"end":{"line":74,"column":46}}],"line":74},"8":{"loc":{"start":{"line":76,"column":19},"end":{"line":76,"column":62}},"type":"binary-expr","locations":[{"start":{"line":76,"column":19},"end":{"line":76,"column":34}},{"start":{"line":76,"column":38},"end":{"line":76,"column":45}},{"start":{"line":76,"column":49},"end":{"line":76,"column":62}}],"line":76},"9":{"loc":{"start":{"line":77,"column":22},"end":{"line":77,"column":86}},"type":"binary-expr","locations":[{"start":{"line":77,"column":22},"end":{"line":77,"column":39}},{"start":{"line":77,"column":43},"end":{"line":77,"column":52}},{"start":{"line":77,"column":56},"end":{"line":77,"column":66}},{"start":{"line":77,"column":70},"end":{"line":77,"column":86}}],"line":77},"10":{"loc":{"start":{"line":78,"column":25},"end":{"line":78,"column":43}},"type":"binary-expr","locations":[{"start":{"line":78,"column":25},"end":{"line":78,"column":38}},{"start":{"line":78,"column":42},"end":{"line":78,"column":43}}],"line":78},"11":{"loc":{"start":{"line":79,"column":27},"end":{"line":79,"column":83}},"type":"binary-expr","locations":[{"start":{"line":79,"column":27},"end":{"line":79,"column":42}},{"start":{"line":79,"column":46},"end":{"line":79,"column":60}},{"start":{"line":79,"column":64},"end":{"line":79,"column":74}},{"start":{"line":79,"column":78},"end":{"line":79,"column":83}}],"line":79},"12":{"loc":{"start":{"line":94,"column":11},"end":{"line":98,"column":17}},"type":"cond-expr","locations":[{"start":{"line":94,"column":22},"end":{"line":98,"column":5}},{"start":{"line":98,"column":8},"end":{"line":98,"column":17}}],"line":94},"13":{"loc":{"start":{"line":95,"column":19},"end":{"line":95,"column":38}},"type":"binary-expr","locations":[{"start":{"line":95,"column":19},"end":{"line":95,"column":32}},{"start":{"line":95,"column":36},"end":{"line":95,"column":38}}],"line":95},"14":{"loc":{"start":{"line":96,"column":20},"end":{"line":96,"column":40}},"type":"binary-expr","locations":[{"start":{"line":96,"column":20},"end":{"line":96,"column":34}},{"start":{"line":96,"column":38},"end":{"line":96,"column":40}}],"line":96},"15":{"loc":{"start":{"line":97,"column":13},"end":{"line":97,"column":76}},"type":"cond-expr","locations":[{"start":{"line":97,"column":30},"end":{"line":97,"column":64}},{"start":{"line":97,"column":67},"end":{"line":97,"column":76}}],"line":97},"16":{"loc":{"start":{"line":107,"column":15},"end":{"line":107,"column":36}},"type":"binary-expr","locations":[{"start":{"line":107,"column":15},"end":{"line":107,"column":23}},{"start":{"line":107,"column":27},"end":{"line":107,"column":36}}],"line":107},"17":{"loc":{"start":{"line":108,"column":17},"end":{"line":108,"column":50}},"type":"cond-expr","locations":[{"start":{"line":108,"column":28},"end":{"line":108,"column":38}},{"start":{"line":108,"column":41},"end":{"line":108,"column":50}}],"line":108},"18":{"loc":{"start":{"line":109,"column":26},"end":{"line":109,"column":80}},"type":"binary-expr","locations":[{"start":{"line":109,"column":26},"end":{"line":109,"column":63}},{"start":{"line":109,"column":67},"end":{"line":109,"column":80}}],"line":109},"19":{"loc":{"start":{"line":137,"column":2},"end":{"line":141,"column":3}},"type":"if","locations":[{"start":{"line":137,"column":2},"end":{"line":141,"column":3}},{"start":{},"end":{}}],"line":137},"20":{"loc":{"start":{"line":137,"column":13},"end":{"line":137,"column":34}},"type":"binary-expr","locations":[{"start":{"line":137,"column":13},"end":{"line":137,"column":28}},{"start":{"line":137,"column":32},"end":{"line":137,"column":34}}],"line":137},"21":{"loc":{"start":{"line":145,"column":20},"end":{"line":145,"column":74}},"type":"binary-expr","locations":[{"start":{"line":145,"column":20},"end":{"line":145,"column":57}},{"start":{"line":145,"column":61},"end":{"line":145,"column":74}}],"line":145},"22":{"loc":{"start":{"line":153,"column":2},"end":{"line":163,"column":3}},"type":"if","locations":[{"start":{"line":153,"column":2},"end":{"line":163,"column":3}},{"start":{},"end":{}}],"line":153},"23":{"loc":{"start":{"line":155,"column":24},"end":{"line":155,"column":49}},"type":"binary-expr","locations":[{"start":{"line":155,"column":24},"end":{"line":155,"column":44}},{"start":{"line":155,"column":48},"end":{"line":155,"column":49}}],"line":155},"24":{"loc":{"start":{"line":156,"column":4},"end":{"line":162,"column":5}},"type":"if","locations":[{"start":{"line":156,"column":4},"end":{"line":162,"column":5}},{"start":{},"end":{}}],"line":156},"25":{"loc":{"start":{"line":157,"column":6},"end":{"line":159,"column":24}},"type":"binary-expr","locations":[{"start":{"line":157,"column":6},"end":{"line":157,"column":28}},{"start":{"line":158,"column":9},"end":{"line":158,"column":26}},{"start":{"line":159,"column":9},"end":{"line":159,"column":24}}],"line":157},"26":{"loc":{"start":{"line":165,"column":2},"end":{"line":174,"column":3}},"type":"if","locations":[{"start":{"line":165,"column":2},"end":{"line":174,"column":3}},{"start":{},"end":{}}],"line":165},"27":{"loc":{"start":{"line":166,"column":4},"end":{"line":168,"column":33}},"type":"binary-expr","locations":[{"start":{"line":166,"column":4},"end":{"line":166,"column":23}},{"start":{"line":167,"column":7},"end":{"line":167,"column":31}},{"start":{"line":168,"column":7},"end":{"line":168,"column":33}}],"line":166},"28":{"loc":{"start":{"line":221,"column":24},"end":{"line":221,"column":61}},"type":"binary-expr","locations":[{"start":{"line":221,"column":24},"end":{"line":221,"column":55}},{"start":{"line":221,"column":59},"end":{"line":221,"column":61}}],"line":221},"29":{"loc":{"start":{"line":223,"column":2},"end":{"line":225,"column":3}},"type":"if","locations":[{"start":{"line":223,"column":2},"end":{"line":225,"column":3}},{"start":{},"end":{}}],"line":223},"30":{"loc":{"start":{"line":223,"column":6},"end":{"line":223,"column":58}},"type":"binary-expr","locations":[{"start":{"line":223,"column":6},"end":{"line":223,"column":13}},{"start":{"line":223,"column":17},"end":{"line":223,"column":33}},{"start":{"line":223,"column":37},"end":{"line":223,"column":47}},{"start":{"line":223,"column":51},"end":{"line":223,"column":58}}],"line":223},"31":{"loc":{"start":{"line":232,"column":6},"end":{"line":234,"column":7}},"type":"if","locations":[{"start":{"line":232,"column":6},"end":{"line":234,"column":7}},{"start":{},"end":{}}],"line":232},"32":{"loc":{"start":{"line":232,"column":10},"end":{"line":232,"column":22}},"type":"binary-expr","locations":[{"start":{"line":232,"column":10},"end":{"line":232,"column":13}},{"start":{"line":232,"column":17},"end":{"line":232,"column":22}}],"line":232},"33":{"loc":{"start":{"line":239,"column":2},"end":{"line":241,"column":3}},"type":"if","locations":[{"start":{"line":239,"column":2},"end":{"line":241,"column":3}},{"start":{},"end":{}}],"line":239},"34":{"loc":{"start":{"line":239,"column":6},"end":{"line":239,"column":28}},"type":"binary-expr","locations":[{"start":{"line":239,"column":6},"end":{"line":239,"column":15}},{"start":{"line":239,"column":19},"end":{"line":239,"column":28}}],"line":239},"35":{"loc":{"start":{"line":252,"column":2},"end":{"line":254,"column":3}},"type":"if","locations":[{"start":{"line":252,"column":2},"end":{"line":254,"column":3}},{"start":{},"end":{}}],"line":252}},"s":{"0":1,"1":1,"2":1,"3":1,"4":1,"5":1,"6":1,"7":0,"8":0,"9":0,"10":0,"11":0,"12":0,"13":0,"14":0,"15":0,"16":0,"17":0,"18":0,"19":0,"20":0,"21":0,"22":0,"23":0,"24":0,"25":0,"26":0,"27":0,"28":0,"29":0,"30":0,"31":0,"32":0,"33":0,"34":0,"35":0,"36":0,"37":0,"38":0,"39":0,"40":0,"41":0,"42":0,"43":0,"44":0,"45":0,"46":0,"47":0,"48":0,"49":0,"50":0,"51":0,"52":2,"53":2,"54":0,"55":2,"56":4,"57":4,"58":4,"59":4,"60":2,"61":0,"62":2,"63":2,"64":2,"65":2,"66":1,"67":1,"68":1},"f":{"0":1,"1":1,"2":0,"3":0,"4":0,"5":0,"6":0,"7":0,"8":0,"9":2,"10":4},"b":{"0":[1,0],"1":[1,0,0],"2":[0,0],"3":[0,0],"4":[0,0],"5":[0,0],"6":[0,0],"7":[0,0],"8":[0,0,0],"9":[0,0,0,0],"10":[0,0],"11":[0,0,0,0],"12":[0,0],"13":[0,0],"14":[0,0],"15":[0,0],"16":[0,0],"17":[0,0],"18":[0,0],"19":[0,0],"20":[0,0],"21":[0,0],"22":[0,0],"23":[0,0],"24":[0,0],"25":[0,0,0],"26":[0,0],"27":[0,0,0],"28":[2,0],"29":[0,2],"30":[2,2,2,2],"31":[4,0],"32":[4,4],"33":[0,2],"34":[2,2],"35":[1,1]},"_coverageSchema":"1a1c01bbd47fc00a2c39e90264f33305004495a9","hash":"c58c2536a0ec6ae0afabf20fd8bd4d36937761e9"}
}
