TN:
SF:src/config/env.js
FNF:0
FNH:0
DA:1,1
DA:2,1
DA:4,1
DA:6,1
DA:60,1
LF:5
LH:5
BRDA:7,0,0,1
BRDA:7,0,1,0
BRDA:8,1,0,1
BRDA:8,1,1,0
BRDA:8,2,0,1
BRDA:8,2,1,0
BRDA:9,3,0,1
BRDA:9,3,1,1
BRDA:10,4,0,1
BRDA:10,4,1,1
BRDA:10,5,0,0
BRDA:10,5,1,1
BRDA:11,6,0,1
BRDA:11,6,1,1
BRDA:12,7,0,1
BRDA:12,7,1,1
BRDA:13,8,0,1
BRDA:13,8,1,1
BRDA:14,9,0,1
BRDA:14,9,1,1
BRDA:15,10,0,1
BRDA:15,10,1,1
BRDA:16,11,0,1
BRDA:16,11,1,1
BRDA:17,12,0,1
BRDA:17,12,1,1
BRDA:18,13,0,1
BRDA:18,13,1,1
BRDA:25,14,0,1
BRDA:25,14,1,1
BRDA:26,15,0,1
BRDA:26,15,1,1
BRDA:27,16,0,1
BRDA:27,16,1,1
BRDA:28,17,0,1
BRDA:28,17,1,1
BRDA:29,18,0,1
BRDA:29,18,1,1
BRDA:30,19,0,1
BRDA:30,19,1,1
BRDA:31,20,0,1
BRDA:31,20,1,1
BRDA:32,21,0,1
BRDA:32,21,1,1
BRDA:33,22,0,1
BRDA:33,22,1,1
BRDA:34,23,0,1
BRDA:34,23,1,1
BRDA:35,24,0,1
BRDA:35,24,1,1
BRDA:36,25,0,1
BRDA:36,25,1,1
BRDA:37,26,0,1
BRDA:37,26,1,1
BRDA:38,27,0,1
BRDA:38,27,1,1
BRDA:39,28,0,1
BRDA:39,28,1,1
BRDA:40,29,0,1
BRDA:40,29,1,1
BRDA:43,30,0,1
BRDA:43,30,1,1
BRDA:44,31,0,1
BRDA:44,31,1,1
BRDA:45,32,0,1
BRDA:45,32,1,1
BRDA:46,33,0,1
BRDA:46,33,1,0
BRDA:47,34,0,1
BRDA:47,34,1,1
BRDA:48,35,0,1
BRDA:48,35,1,1
BRDA:49,36,0,1
BRDA:49,36,1,1
BRDA:50,37,0,1
BRDA:50,37,1,1
BRDA:51,38,0,1
BRDA:51,38,1,1
BRDA:52,39,0,1
BRDA:52,39,1,1
BRDA:53,40,0,1
BRDA:53,40,1,1
BRDA:54,41,0,1
BRDA:54,41,1,1
BRDA:55,42,0,1
BRDA:55,42,1,1
BRDA:56,43,0,1
BRDA:56,43,1,1
BRDA:57,44,0,1
BRDA:57,44,1,1
BRF:90
BRH:85
end_of_record
TN:
SF:src/services/mercadopago.service.js
FN:10,isMercadoPagoProvider
FN:16,isConfigured
FN:22,getPaymentClient
FN:43,getPreferenceClient
FN:64,createPreference
FN:75,(anonymous_5)
FN:125,processPayment
FN:195,createCardPayment
FN:199,getPayment
FN:216,verifyWebhookSignature
FN:229,(anonymous_10)
FNF:11
FNH:4
FNDA:1,isMercadoPagoProvider
FNDA:1,isConfigured
FNDA:0,getPaymentClient
FNDA:0,getPreferenceClient
FNDA:0,createPreference
FNDA:0,(anonymous_5)
FNDA:0,processPayment
FNDA:0,createCardPayment
FNDA:0,getPayment
FNDA:2,verifyWebhookSignature
FNDA:4,(anonymous_10)
DA:3,1
DA:4,1
DA:5,1
DA:7,1
DA:8,1
DA:11,1
DA:17,1
DA:23,0
DA:24,0
DA:25,0
DA:26,0
DA:29,0
DA:30,0
DA:37,0
DA:40,0
DA:44,0
DA:45,0
DA:46,0
DA:47,0
DA:50,0
DA:51,0
DA:58,0
DA:61,0
DA:72,0
DA:74,0
DA:75,0
DA:92,0
DA:112,0
DA:113,0
DA:115,0
DA:121,0
DA:137,0
DA:138,0
DA:139,0
DA:140,0
DA:143,0
DA:153,0
DA:154,0
DA:155,0
DA:156,0
DA:161,0
DA:165,0
DA:170,0
DA:176,0
DA:177,0
DA:184,0
DA:191,0
DA:196,0
DA:200,0
DA:201,0
DA:205,0
DA:212,0
DA:221,2
DA:223,2
DA:224,0
DA:227,2
DA:230,4
DA:232,4
DA:233,4
DA:236,4
DA:239,2
DA:240,0
DA:243,2
DA:245,2
DA:250,2
DA:252,2
DA:253,1
DA:256,1
DA:262,1
LF:69
LH:22
BRDA:12,0,0,1
BRDA:12,0,1,0
BRDA:17,1,0,1
BRDA:17,1,1,0
BRDA:17,1,2,0
BRDA:23,2,0,0
BRDA:23,2,1,0
BRDA:29,3,0,0
BRDA:29,3,1,0
BRDA:44,4,0,0
BRDA:44,4,1,0
BRDA:50,5,0,0
BRDA:50,5,1,0
BRDA:74,6,0,0
BRDA:74,6,1,0
BRDA:74,7,0,0
BRDA:74,7,1,0
BRDA:76,8,0,0
BRDA:76,8,1,0
BRDA:76,8,2,0
BRDA:77,9,0,0
BRDA:77,9,1,0
BRDA:77,9,2,0
BRDA:77,9,3,0
BRDA:78,10,0,0
BRDA:78,10,1,0
BRDA:79,11,0,0
BRDA:79,11,1,0
BRDA:79,11,2,0
BRDA:79,11,3,0
BRDA:94,12,0,0
BRDA:94,12,1,0
BRDA:95,13,0,0
BRDA:95,13,1,0
BRDA:96,14,0,0
BRDA:96,14,1,0
BRDA:97,15,0,0
BRDA:97,15,1,0
BRDA:107,16,0,0
BRDA:107,16,1,0
BRDA:108,17,0,0
BRDA:108,17,1,0
BRDA:109,18,0,0
BRDA:109,18,1,0
BRDA:137,19,0,0
BRDA:137,19,1,0
BRDA:137,20,0,0
BRDA:137,20,1,0
BRDA:145,21,0,0
BRDA:145,21,1,0
BRDA:153,22,0,0
BRDA:153,22,1,0
BRDA:155,23,0,0
BRDA:155,23,1,0
BRDA:156,24,0,0
BRDA:156,24,1,0
BRDA:157,25,0,0
BRDA:157,25,1,0
BRDA:157,25,2,0
BRDA:165,26,0,0
BRDA:165,26,1,0
BRDA:166,27,0,0
BRDA:166,27,1,0
BRDA:166,27,2,0
BRDA:221,28,0,2
BRDA:221,28,1,0
BRDA:223,29,0,0
BRDA:223,29,1,2
BRDA:223,30,0,2
BRDA:223,30,1,2
BRDA:223,30,2,2
BRDA:223,30,3,2
BRDA:232,31,0,4
BRDA:232,31,1,0
BRDA:232,32,0,4
BRDA:232,32,1,4
BRDA:239,33,0,0
BRDA:239,33,1,2
BRDA:239,34,0,2
BRDA:239,34,1,2
BRDA:252,35,0,1
BRDA:252,35,1,1
BRF:82
BRH:16
end_of_record
